{"level":"info","message":"WHAT new Card Tags :#스마일게이트,#smilegate,#크로스파이어","timestamp":"10:11:41"}
{"level":"info","message":"WHAT new Card Tags :#스마일게이트,#smilegate,#로스트아크,#lostArk","timestamp":"10:12:44"}
{"level":"info","message":"WHAT new Card Tags :#스마일게이트,#smilegate,#배경화면,#로스트아크,#lostArk","timestamp":"10:13:31"}
{"level":"info","message":"WHAT new Card Tags :#스마일게이트,#smilegate,#탄,#업데이트","timestamp":"10:14:12"}
{"level":"info","message":"WHAT new Card Tags :#스마일게이트,#smilegate,#서버캠,#3기,#서버캠3기","timestamp":"10:15:13"}
{"level":"info","message":"WHAT new Card Tags :#스마일게이트,#smilegate,#서버캠","timestamp":"10:15:52"}
{"level":"info","message":"WHAT new Card Tags :#스마일게이트,#smilegate,#서버캠,#2주차","timestamp":"10:16:45"}
{"level":"info","message":"WHAT new Card Tags :#스마일게이트,#smilegate,#메가포트,#로고","timestamp":"10:17:21"}
{"level":"info","message":"WHAT new Card Tags :#스마일게이트,#smilegate,#,크로스파이어,#짱잼","timestamp":"10:17:55"}
{"level":"info","message":"WHAT new Card Tags :#스마일게이트,#최유정,#탄","timestamp":"10:18:28"}
{"level":"info","message":"WHAT new Card Tags :#스마일게이트,#smilegate,#테런,#업데이트","timestamp":"10:19:18"}
{"level":"info","message":"WHAT new Card Tags :#테런,#스마일게이트,#smilegate,#롱런,#꿀잼","timestamp":"10:20:17"}
{"level":"info","message":"WHAT new Card Tags :#스마일게이트,#걸스데이,#10주년,#테런","timestamp":"10:20:58"}
{"level":"info","message":"WHAT new Card Tags :#스마일게이트,#프리스타일,#농구,#gogo","timestamp":"10:21:42"}
{"level":"info","message":"WHAT new Card Tags :#경리,#스마일게이트,#스마겔,#프리스타일","timestamp":"10:22:30"}
{"level":"info","message":"WHAT new Card Tags :#스마일게이트,#탄","timestamp":"16:47:15"}
{"level":"info","message":"WHAT new Card Tags :#허벌라이프","timestamp":"16:55:20"}
{"level":"info","message":"WHAT new Card Tags :#채팅","timestamp":"16:56:22"}
{"level":"info","message":"WHAT new Card Tags :#심심,#심심해,#심심이,#심심따리심심따","timestamp":"18:06:57"}
{"level":"info","message":"WHAT new Card Tags :#탄,#스마일게이트","timestamp":"18:40:02"}
{"level":"info","message":"WHAT new Card Tags :#오께이","timestamp":"19:23:57"}
